<?xml version="1.0" encoding="UTF-8"?>
<!-- Generated by org.testng.reporters.JUnitReportReporter -->
<testsuite hostname="LAPTOP-9710V517" failures="0" tests="2" name="Pages.SignupPage" time="25.762" errors="0" timestamp="2025-03-21T09:28:22 IST" skipped="0">
  <testcase classname="Pages.SignupPage" name="Signup" time="0.159"/>
  <testcase classname="Pages.SignupPage" name="login" time="25.603"/>
</testsuite> <!-- Pages.SignupPage -->
