<?xml version="1.0" encoding="UTF-8"?>
<!-- Generated by org.testng.reporters.JUnitReportReporter -->
<testsuite hostname="LAPTOP-9710V517" failures="0" tests="1" name="MyRunner.ProductAddtoCartRunner" time="72.229" errors="0" timestamp="2025-03-21T16:03:54 IST" skipped="0">
  <testcase classname="MyRunner.ProductAddtoCartRunner" name="runScenario" time="72.229"/>
</testsuite> <!-- MyRunner.ProductAddtoCartRunner -->
