<?xml version="1.0" encoding="UTF-8"?>
<!-- Generated by org.testng.reporters.JUnitReportReporter -->
<testsuite hostname="LAPTOP-9710V517" failures="0" tests="1" name="Utils.LoginExcelTC" time="11.222" errors="0" timestamp="2025-03-21T16:27:44 IST" skipped="0">
  <testcase classname="Utils.LoginExcelTC" name="readDataFromExcel" time="11.222"/>
</testsuite> <!-- Utils.LoginExcelTC -->
